01-24 04:55:53.705 E/com.tiket.gits( 5571): Not starting debugger since process cannot load the jdwp agent.
01-24 04:55:53.710 D/ActivityThread( 5571): setConscryptValidator
01-24 04:55:53.710 D/ActivityThread( 5571): setConscryptValidator - put
01-24 04:55:53.722 D/ActivityThread( 5571): handleBindApplication()++ app=com.tiket.gits
01-24 04:55:53.726 I/com.tiket.gits( 5571): The ClassLoaderContext is a special shared library.
01-24 04:55:53.737 D/ActivityThread( 5571): handleBindApplication() -- skipGraphicsSupport=false
01-24 04:55:53.737 D/ActivityThread( 5571): ActivityThread::handleMakeApplication() data=AppBindData{appInfo=ApplicationInfo{a1bd8b com.tiket.gits}} appContext=android.app.ContextImpl@1203e68 appContext.mOpPackageName=com.tiket.gits appContext.mBasePackageName=com.tiket.gits appContext.mPackageInfo=android.app.LoadedApk@a2e7281 data.restrictedBackupMode= false data.providers= [ContentProviderInfo{name=com.tiket.gits.firebaseperfprovider className=com.google.firebase.perf.provider.FirebasePerfProvider}, ContentProviderInfo{name=com.tiket.gits.provider className=androidx.core.content.FileProvider}, ContentProviderInfo{name=com.tiket.gits.lifecycle-process className=androidx.lifecycle.ProcessLifecycleOwnerInitializer}, ContentProviderInfo{name=com.tiket.gits.appevent.initializer className=com.tiket.android.appevent.AppEventInitializer}] Caller=android.app.ActivityThread.handleBindApplication:7446 android.app.ActivityThread.access$1500:301 android.app.ActivityThread$H.handleMessage:2148 android.os.Handler.dispatchMessage:106 android.os.Looper.loop:246 
01-24 04:55:53.738 D/LoadedApk( 5571): LoadedApk::makeApplication() appContext=android.app.ContextImpl@d703f26 appContext.mOpPackageName=com.tiket.gits appContext.mBasePackageName=com.tiket.gits appContext.mPackageInfo=android.app.LoadedApk@a2e7281
01-24 04:55:53.738 D/NetworkSecurityConfig( 5571): Using Network Security Config from resource network_security_config debugBuild: false
01-24 04:55:53.739 D/NetworkSecurityConfig( 5571): Using Network Security Config from resource network_security_config debugBuild: false
01-24 04:55:53.756 I/FirebaseApp( 5571): Device unlocked: initializing all Firebase APIs for app [DEFAULT]
01-24 04:55:53.768 I/Apptimize( 5571): Version 3.7.26
01-24 04:55:53.773 I/FirebaseCrashlytics( 5571): Initializing Firebase Crashlytics 18.2.4 for com.tiket.gits
01-24 04:55:53.774 I/DynamiteModule( 5571): Considering local module com.google.android.gms.measurement.dynamite:55 and remote module com.google.android.gms.measurement.dynamite:51
01-24 04:55:53.774 I/DynamiteModule( 5571): Selected local version of com.google.android.gms.measurement.dynamite
01-24 04:55:53.776 W/FA      ( 5571): Failed to register event listener on calling thread. Trying again on the dynamite thread.
01-24 04:55:53.781 I/FirebaseAuth( 5571): [FirebaseAuth:] Preparing to create service connection to fallback implementation
01-24 04:55:53.791 I/TetheringManager( 5571): registerTetheringEventCallback:com.tiket.gits
01-24 04:55:53.791 D/ConnectivityManager( 5571): ConnectivityManager() mContext=com.tiket.gits.TiketApp@d38c227 getOpPackageName()=com.tiket.gits getBasePackageName()=com.tiket.gits getPackageName()=com.tiket.gits
01-24 04:55:53.796 I/System.out( 5571): (HTTPLog)-Static: isSBSettingEnabled false
01-24 04:55:53.796 I/System.out( 5571): (HTTPLog)-Static: isSBSettingEnabled false
01-24 04:55:53.800 D/TcpOptimizer( 5571): TcpOptimizer-ON
01-24 04:55:53.803 I/Perf    ( 5571): [M] UAT-Initializer took 0 ms
01-24 04:55:53.804 I/Perf    ( 5571): [M] AppConfig-Initializer took 1 ms
01-24 04:55:53.807 I/Perf    ( 5571): [M] AppTracker-Initializer took 2 ms
01-24 04:55:53.817 I/System.out( 5571): (HTTPLog)-Static: isSBSettingEnabled false
01-24 04:55:53.817 I/System.out( 5571): (HTTPLog)-Static: isSBSettingEnabled false
01-24 04:55:53.817 I/System.out( 5571): (HTTPLog)-Static: isSBSettingEnabled false
01-24 04:55:53.817 I/System.out( 5571): (HTTPLog)-Static: isSBSettingEnabled false
01-24 04:55:53.833 I/Perf    ( 5571): [M] AppsFlyer-Initializer took 26 ms
01-24 04:55:53.842 I/Perf    ( 5571): [M] Braze-Initializer took 8 ms
01-24 04:55:53.843 I/System.out( 5571): (HTTPLog)-Static: isSBSettingEnabled false
01-24 04:55:53.843 I/System.out( 5571): (HTTPLog)-Static: isSBSettingEnabled false
01-24 04:55:53.844 I/Perf    ( 5571): [M] Misc-Initializer took 2 ms
01-24 04:55:53.844 I/Perf    ( 5571): [M] AppEvent-Initializer took 0 ms
01-24 04:55:53.845 W/FirebaseRemoteConfig( 5571): No value of type 'Long' exists for parameter key 'tiket_session_interval_sec'.
01-24 04:55:53.845 I/Perf    ( 5571): [M] TiketSession-Initializer took 1 ms
01-24 04:55:53.846 D/Perf    ( 5571): App onCreate took 53 ms
01-24 04:55:53.846 D/Perf    ( 5571): Start logger
01-24 04:55:53.846 D/Perf    ( 5571): End in 53 ms
01-24 04:55:53.898 I/DecorView( 5571): [INFO] isPopOver=false, config=true
01-24 04:55:53.898 I/DecorView( 5571): updateCaptionType >> DecorView@37861f8[], isFloating=false, isApplication=true, hasWindowDecorCaption=false, hasWindowControllerCallback=true
01-24 04:55:53.898 D/DecorView( 5571): setCaptionType = 0, this = DecorView@37861f8[]
01-24 04:55:53.912 I/Dialog  ( 5571): mIsSamsungBasicInteraction = false, isMetaDataInActivity = false
01-24 04:55:53.919 I/DecorView( 5571): [INFO] isPopOver=false, config=false
01-24 04:55:53.919 I/DecorView( 5571): updateCaptionType >> DecorView@2b318b3[], isFloating=false, isApplication=true, hasWindowDecorCaption=false, hasWindowControllerCallback=false
01-24 04:55:53.919 D/DecorView( 5571): setCaptionType = 0, this = DecorView@2b318b3[]
01-24 04:55:53.937 D/InputTransport( 5571): Input channel constructed: '67d2148', fd=91
01-24 04:55:53.939 I/ViewRootImpl@845d9cc[SplashV2Activity]( 5571): setView = com.android.internal.policy.DecorView@2b318b3 TM=true
01-24 04:55:53.954 I/ViewRootImpl@845d9cc[SplashV2Activity]( 5571): stopped(false) old=false
01-24 04:55:53.959 D/InputTransport( 5571): Input channel constructed: '27def51', fd=96
01-24 04:55:53.960 I/ViewRootImpl@1102083[SplashV2Activity]( 5571): setView = com.android.internal.policy.DecorView@37861f8 TM=true
01-24 04:55:53.977 I/System.out( 5571): (HTTPLog)-Static: isSBSettingEnabled false
01-24 04:55:53.977 I/System.out( 5571): (HTTPLog)-Static: isSBSettingEnabled false
01-24 04:55:53.977 I/System.out( 5571): (HTTPLog)-Static: isSBSettingEnabled false
01-24 04:55:53.977 I/System.out( 5571): (HTTPLog)-Static: isSBSettingEnabled false
01-24 04:55:53.985 I/SurfaceControl( 5571): assignNativeObject: nativeObject = 0 Surface(name=null)/@0x12a86c6 / android.view.SurfaceControl.readFromParcel:1115 android.view.IWindowSession$Stub$Proxy.relayout:1820 android.view.ViewRootImpl.relayoutWindow:9005 android.view.ViewRootImpl.performTraversals:3360 android.view.ViewRootImpl.doTraversal:2618 android.view.ViewRootImpl$TraversalRunnable.run:9971 android.view.Choreographer$CallbackRecord.run:1010 android.view.Choreographer.doCallbacks:809 android.view.Choreographer.doFrame:744 android.view.Choreographer$FrameDisplayEventReceiver.run:995 
01-24 04:55:53.989 I/ViewRootImpl@845d9cc[SplashV2Activity]( 5571): Relayout returned: old=(0,0,1080,2400) new=(0,0,1080,2400) req=(1080,2400)0 dur=4 res=0x7 s={true -5476376666891176656} ch=true fn=-1
01-24 04:55:53.991 I/ViewRootImpl@845d9cc[SplashV2Activity]( 5571): [DP] dp(1) 1 android.view.ViewRootImpl.reportNextDraw:10957 android.view.ViewRootImpl.performTraversals:3845 android.view.ViewRootImpl.doTraversal:2618 
01-24 04:55:53.991 I/ViewRootImpl@845d9cc[SplashV2Activity]( 5571): [DP] pd() Asnyc report
01-24 04:55:54.019 I/SurfaceControl( 5571): assignNativeObject: nativeObject = 0 Surface(name=null)/@0xb0cf781 / android.view.SurfaceControl.readFromParcel:1115 android.view.IWindowSession$Stub$Proxy.relayout:1820 android.view.ViewRootImpl.relayoutWindow:9005 android.view.ViewRootImpl.performTraversals:3360 android.view.ViewRootImpl.doTraversal:2618 android.view.ViewRootImpl$TraversalRunnable.run:9971 android.view.Choreographer$CallbackRecord.run:1010 android.view.Choreographer.doCallbacks:809 android.view.Choreographer.doFrame:744 android.view.Choreographer$FrameDisplayEventReceiver.run:995 
01-24 04:55:54.021 I/ViewRootImpl@1102083[SplashV2Activity]( 5571): Relayout returned: old=(0,0,1080,2400) new=(0,0,1080,2400) req=(1080,2400)0 dur=6 res=0x7 s={true -5476376666890662176} ch=true fn=-1
01-24 04:55:54.022 W/RecyclerView( 5571): No adapter attached; skipping layout
01-24 04:55:54.036 I/ViewRootImpl@1102083[SplashV2Activity]( 5571): [DP] dp(1) 1 android.view.ViewRootImpl.reportNextDraw:10957 android.view.ViewRootImpl.performTraversals:3845 android.view.ViewRootImpl.doTraversal:2618 
01-24 04:55:54.036 I/ViewRootImpl@1102083[SplashV2Activity]( 5571): [DP] pd() Asnyc report
01-24 04:55:54.041 W/LOTTIE  ( 5571): Animation contains merge paths. Merge paths are only supported on KitKat+ and must be manually enabled by calling enableMergePathsForKitKatAndAbove().
01-24 04:55:54.042 W/LOTTIE  ( 5571): Animation contains merge paths but they are disabled.
01-24 04:55:54.049 D/com.amplitude.api.AmplitudeClient( 5571): Logged event to Amplitude: $identify
01-24 04:55:54.058 I/ViewRootImpl@1102083[SplashV2Activity]( 5571): [DP] pdf(0) 1 android.view.ViewRootImpl.lambda$performDraw$1$ViewRootImpl:4668 android.view.-$$Lambda$ViewRootImpl$DJd0VUYJgsebcnSohO6h8zc_ONI.run:6 android.os.Handler.handleCallback:938 
01-24 04:55:54.058 I/ViewRootImpl@1102083[SplashV2Activity]( 5571): [DP] rdf()
01-24 04:55:54.059 I/ViewRootImpl@845d9cc[SplashV2Activity]( 5571): [DP] pdf(0) 1 android.view.ViewRootImpl.lambda$performDraw$1$ViewRootImpl:4668 android.view.-$$Lambda$ViewRootImpl$DJd0VUYJgsebcnSohO6h8zc_ONI.run:6 android.os.Handler.handleCallback:938 
01-24 04:55:54.059 I/ViewRootImpl@845d9cc[SplashV2Activity]( 5571): [DP] rdf()
01-24 04:55:54.061 I/SurfaceControl( 5571): nativeRelease nativeObject s[-5476376671723111520]
01-24 04:55:54.061 I/SurfaceControl( 5571): nativeRelease nativeObject e[-5476376671723111520]
01-24 04:55:54.061 I/SurfaceControl( 5571): nativeRelease nativeObject s[-5476376671723112640]
01-24 04:55:54.061 I/SurfaceControl( 5571): nativeRelease nativeObject e[-5476376671723112640]
01-24 04:55:54.064 I/GAv4    ( 5571): Google Analytics 12.4.51 is starting up. To enable debug logging on a device run:
01-24 04:55:54.064 I/GAv4    ( 5571):   adb shell setprop log.tag.GAv4 DEBUG
01-24 04:55:54.064 I/GAv4    ( 5571):   adb logcat -s GAv4
01-24 04:55:54.066 I/InputDispatcher( 1205): Focus entered window (5571): 67d2148 in display 0 0
01-24 04:55:54.073 I/FA      ( 5571): App measurement initialized, version: 46000
01-24 04:55:54.073 I/FA      ( 5571): To enable debug logging run: adb shell setprop log.tag.FA VERBOSE
01-24 04:55:54.073 I/FA      ( 5571): To enable faster debug mode event logging run:
01-24 04:55:54.073 I/FA      ( 5571):   adb shell setprop debug.firebase.analytics.app com.tiket.gits
01-24 04:55:54.082 W/GAv4    ( 5571): CampaignTrackingReceiver is not registered, not exported or is disabled. Installation campaign tracking is not possible. See http://goo.gl/8Rd3yj for instructions.
01-24 04:55:54.083 D/SensorManager( 5571): registerListener :: 1, LSM6DSO Accelerometer, 0, 0, com.appsflyer.internal.t@15f2c3ad
01-24 04:55:54.090 V/Apptimize( 5571): Apptimize: List Filter with operator "in" is comparing Android and [Android]
01-24 04:55:54.090 V/Apptimize( 5571): Apptimize: Filter with operator "=" is comparing Android and Android
01-24 04:55:54.090 V/Apptimize( 5571): Apptimize: Filter with operator ">=" is comparing 11 and 11
01-24 04:55:54.094 D/SensorManager( 5571): registerListener :: 2, LSM6DSO Gyroscope, 0, 0, com.appsflyer.internal.t@700e20fa
01-24 04:55:54.103 I/Apptimize( 5571): Apptimize: PrefetchMetadata received new metadata
01-24 04:55:54.105 D/SensorManager( 5571): registerListener :: 5, AK09918C Magnetometer, 0, 0, com.appsflyer.internal.t@2707dcf6
01-24 04:55:54.145 I/Dialog  ( 5571): mIsSamsungBasicInteraction = false, isMetaDataInActivity = false
01-24 04:55:54.161 W/BottomSheetBehavior( 5571): BottomSheetBehavior now supports multiple callbacks. `setBottomSheetCallback()` removes all existing callbacks, including ones set internally by library authors, which may result in unintended behavior. This may change in the future. Please use `addBottomSheetCallback()` and `removeBottomSheetCallback()` instead to set your own callbacks.
01-24 04:55:54.162 I/DecorView( 5571): [INFO] isPopOver=false, config=false
01-24 04:55:54.162 I/DecorView( 5571): updateCaptionType >> DecorView@a57c91e[], isFloating=false, isApplication=true, hasWindowDecorCaption=false, hasWindowControllerCallback=false
01-24 04:55:54.162 D/DecorView( 5571): setCaptionType = 0, this = DecorView@a57c91e[]
01-24 04:55:54.169 D/InputTransport( 5571): Input channel constructed: '1f5ba57', fd=132
01-24 04:55:54.170 I/ViewRootImpl@9645cef[SplashV2Activity]( 5571): setView = com.android.internal.policy.DecorView@a57c91e TM=true
01-24 04:55:54.170 W/BottomSheetBehavior( 5571): BottomSheetBehavior now supports multiple callbacks. `setBottomSheetCallback()` removes all existing callbacks, including ones set internally by library authors, which may result in unintended behavior. This may change in the future. Please use `addBottomSheetCallback()` and `removeBottomSheetCallback()` instead to set your own callbacks.
01-24 04:55:54.171 I/ViewRootImpl@845d9cc[SplashV2Activity]( 5571): MSG_WINDOW_FOCUS_CHANGED 1 1
01-24 04:55:54.171 D/InputMethodManager( 5571): prepareNavigationBarInfo() DecorView@2b318b3[SplashV2Activity]
01-24 04:55:54.171 D/InputMethodManager( 5571): getNavigationBarColor() -855310
01-24 04:55:54.171 D/InputMethodManager( 5571): prepareNavigationBarInfo() DecorView@2b318b3[SplashV2Activity]
01-24 04:55:54.171 D/InputMethodManager( 5571): getNavigationBarColor() -855310
01-24 04:55:54.171 V/InputMethodManager( 5571): Starting input: tba=com.tiket.gits ic=null mNaviBarColor -855310 mIsGetNaviBarColorSuccess true , NavVisible : true , NavTrans : false
01-24 04:55:54.171 D/InputMethodManager( 5571): startInputInner - Id : 0
01-24 04:55:54.171 I/InputMethodManager( 5571): startInputInner - mService.startInputOrWindowGainedFocus
01-24 04:55:54.175 D/InputTransport( 5571): Input channel constructed: 'ClientS', fd=134
01-24 04:55:54.184 I/InputDispatcher( 1205): Focus left window (5571): 67d2148 in display 0 0
01-24 04:55:54.197 I/SurfaceControl( 5571): assignNativeObject: nativeObject = 0 Surface(name=null)/@0x1335a63 / android.view.SurfaceControl.readFromParcel:1115 android.view.IWindowSession$Stub$Proxy.relayout:1820 android.view.ViewRootImpl.relayoutWindow:9005 android.view.ViewRootImpl.performTraversals:3360 android.view.ViewRootImpl.doTraversal:2618 android.view.ViewRootImpl$TraversalRunnable.run:9971 android.view.Choreographer$CallbackRecord.run:1010 android.view.Choreographer.doCallbacks:809 android.view.Choreographer.doFrame:744 android.view.Choreographer$FrameDisplayEventReceiver.run:995 
01-24 04:55:54.198 I/ViewRootImpl@9645cef[SplashV2Activity]( 5571): Relayout returned: old=(0,0,1080,2400) new=(0,0,1080,2400) req=(1080,2400)0 dur=9 res=0x7 s={true -5476376666890383136} ch=true fn=-1
01-24 04:55:54.206 I/ViewRootImpl@9645cef[SplashV2Activity]( 5571): [DP] dp(1) 1 android.view.ViewRootImpl.reportNextDraw:10957 android.view.ViewRootImpl.performTraversals:3845 android.view.ViewRootImpl.doTraversal:2618 
01-24 04:55:54.206 I/ViewRootImpl@9645cef[SplashV2Activity]( 5571): [DP] pd() Asnyc report
01-24 04:55:54.232 I/ViewRootImpl@9645cef[SplashV2Activity]( 5571): [DP] pdf(0) 1 android.view.ViewRootImpl.lambda$performDraw$1$ViewRootImpl:4668 android.view.-$$Lambda$ViewRootImpl$DJd0VUYJgsebcnSohO6h8zc_ONI.run:6 android.os.Handler.handleCallback:938 
01-24 04:55:54.232 I/ViewRootImpl@9645cef[SplashV2Activity]( 5571): [DP] rdf()
01-24 04:55:54.241 D/InputMethodManager( 5571): prepareNavigationBarInfo() DecorView@2b318b3[SplashV2Activity]
01-24 04:55:54.241 D/InputMethodManager( 5571): getNavigationBarColor() -855310
01-24 04:55:54.241 V/InputMethodManager( 5571): Starting input: tba=com.tiket.gits ic=null mNaviBarColor -855310 mIsGetNaviBarColorSuccess true , NavVisible : true , NavTrans : false
01-24 04:55:54.241 D/InputMethodManager( 5571): startInputInner - Id : 0
01-24 04:55:54.242 I/SurfaceControl( 5571): nativeRelease nativeObject s[-5476376671723164048]
01-24 04:55:54.242 I/SurfaceControl( 5571): nativeRelease nativeObject e[-5476376671723164048]
01-24 04:55:54.242 I/SurfaceControl( 5571): nativeRelease nativeObject s[-5476376671723108048]
01-24 04:55:54.242 I/SurfaceControl( 5571): nativeRelease nativeObject e[-5476376671723108048]
01-24 04:55:54.242 I/SurfaceControl( 5571): nativeRelease nativeObject s[-5476376671723126080]
01-24 04:55:54.242 I/SurfaceControl( 5571): nativeRelease nativeObject e[-5476376671723126080]
01-24 04:55:54.242 I/SurfaceControl( 5571): nativeRelease nativeObject s[-5476376671723132352]
01-24 04:55:54.242 I/SurfaceControl( 5571): nativeRelease nativeObject e[-5476376671723132352]
01-24 04:55:54.244 I/ViewRootImpl@845d9cc[SplashV2Activity]( 5571): MSG_WINDOW_FOCUS_CHANGED 0 1
01-24 04:55:54.251 I/InputDispatcher( 1205): Focus entered window (5571): 1f5ba57 in display 0 0
01-24 04:55:54.254 I/ViewRootImpl@9645cef[SplashV2Activity]( 5571): MSG_WINDOW_FOCUS_CHANGED 1 1
01-24 04:55:54.254 D/InputMethodManager( 5571): prepareNavigationBarInfo() DecorView@a57c91e[SplashV2Activity]
01-24 04:55:54.254 D/InputMethodManager( 5571): getNavigationBarColor() -855310
01-24 04:55:54.254 D/InputMethodManager( 5571): prepareNavigationBarInfo() DecorView@a57c91e[SplashV2Activity]
01-24 04:55:54.254 D/InputMethodManager( 5571): getNavigationBarColor() -855310
01-24 04:55:54.254 V/InputMethodManager( 5571): Starting input: tba=com.tiket.gits ic=null mNaviBarColor -855310 mIsGetNaviBarColorSuccess true , NavVisible : true , NavTrans : false
01-24 04:55:54.254 D/InputMethodManager( 5571): startInputInner - Id : 0
01-24 04:55:54.254 I/InputMethodManager( 5571): startInputInner - mService.startInputOrWindowGainedFocus
01-24 04:55:54.255 D/InputTransport( 5571): Input channel constructed: 'ClientS', fd=117
01-24 04:55:54.255 D/InputTransport( 5571): Input channel destroyed: 'ClientS', fd=134
01-24 04:55:54.266 I/SurfaceControl( 5571): nativeRelease nativeObject s[-5476376671723103456]
01-24 04:55:54.266 I/SurfaceControl( 5571): nativeRelease nativeObject e[-5476376671723103456]
01-24 04:55:54.269 I/SurfaceControl( 5571): nativeRelease nativeObject s[-5476376671723130784]
01-24 04:55:54.269 I/SurfaceControl( 5571): nativeRelease nativeObject e[-5476376671723130784]
01-24 04:55:54.269 I/SurfaceControl( 5571): nativeRelease nativeObject s[-5476376671723131456]
01-24 04:55:54.269 I/SurfaceControl( 5571): nativeRelease nativeObject e[-5476376671723131456]
01-24 04:55:54.301 I/com.tiket.gits( 5571): Explicit concurrent copying GC freed 442436(26MB) AllocSpace objects, 133(11MB) LOS objects, 49% free, 11MB/23MB, paused 45us total 81.796ms
01-24 04:55:54.416 I/com.tiket.gits( 5571): Explicit concurrent copying GC freed 21324(1110KB) AllocSpace objects, 11(492KB) LOS objects, 49% free, 11MB/23MB, paused 202us total 114.774ms
01-24 04:55:54.417 I/DynamiteModule( 5571): Considering local module com.google.android.gms.tagmanager:214 and remote module com.google.android.gms.tagmanager:215
01-24 04:55:54.418 I/DynamiteModule( 5571): Selected remote version of com.google.android.gms.tagmanager, version >= 215
01-24 04:55:54.418 V/DynamiteModule( 5571): Dynamite loader version >= 2, using loadModule2NoCrashUtils
01-24 04:55:54.435 I/Apptimize( 5571): Apptimize: Initializing Apptimize with appKey Aevrc83tzY2eD3RfhhLaa8K5wakWh8A .
01-24 04:55:54.449 I/GoogleTagManager( 5571): Loading container GTM-T5PTKJM
01-24 04:55:54.449 I/GoogleTagManager( 5571): Installing Tag Manager event handler.
01-24 04:55:54.450 I/GoogleTagManager( 5571): Tag Manager event handler installed.
01-24 04:55:54.450 I/GoogleTagManager( 5571): Tag Manager initilization took 2ms
01-24 04:55:54.461 I/System.out( 5571): (HTTPLog)-Static: isSBSettingEnabled false
01-24 04:55:54.461 I/System.out( 5571): (HTTPLog)-Static: isSBSettingEnabled false
01-24 04:55:54.469 I/Apptimize( 5571): Apptimize: Localytics not found. Experiment participation events will not be exported to Localytics.
01-24 04:55:54.469 I/Apptimize( 5571): Apptimize: Mixpanel not found. Experiment participation events will not be exported to Mixpanel.
01-24 04:55:54.470 I/Apptimize( 5571): Apptimize: Downloaded new metadata.
01-24 04:55:54.552 W/Apptimize( 5571): Apptimize: Apptimize did not detect Flurry. If you are using Flurry, then the most likely cause is ProGuard. Please consult the Apptimize docs for how to adjust your ProGuard configuration.
01-24 04:55:54.553 W/Apptimize( 5571): Apptimize: Apptimize did not detect Google Analytics V3. If you are using Google Analytics V3, then the most likely cause is ProGuard. Please consult the Apptimize docs for how to adjust your ProGuard configuration.
01-24 04:55:54.554 I/Apptimize( 5571): Apptimize: Google Analytics V4 detected; now importing data
01-24 04:55:54.554 W/Apptimize( 5571): Apptimize: Apptimize did not detect Mixpanel. If you are using Mixpanel, then the most likely cause is ProGuard. Please consult the Apptimize docs for how to adjust your ProGuard configuration.
01-24 04:55:54.554 W/Apptimize( 5571): Apptimize: Apptimize did not detect Omniture 2.x. If you are using Omniture 2.x, then the most likely cause is ProGuard. Please consult the Apptimize docs for how to adjust your ProGuard configuration.
01-24 04:55:54.554 W/Apptimize( 5571): Apptimize: Apptimize did not detect Adobe AppMeasurement 3.x. If you are using Adobe AppMeasurement 3.x, then the most likely cause is ProGuard. Please consult the Apptimize docs for how to adjust your ProGuard configuration.
01-24 04:55:54.554 W/Apptimize( 5571): Apptimize: Apptimize did not detect Adobe Mobile 4.x Config class.
01-24 04:55:54.555 W/Apptimize( 5571): Apptimize: Apptimize did not detect Adobe Mobile 4.x Analytics and will not import its event data. If you are using Adobe Mobile 4.x, then the most likely cause is ProGuard. Please consult the Apptimize docs for how to adjust your ProGuard configuration.
01-24 04:55:54.555 W/Apptimize( 5571): Apptimize: Apptimize did not detect Localytics. If you are using Localytics, then the most likely cause is ProGuard. Please consult the Apptimize docs for how to adjust your ProGuard configuration.
01-24 04:55:54.560 I/Apptimize( 5571): Apptimize: Amplitude detected; now importing data
01-24 04:55:54.562 I/Apptimize( 5571): Apptimize: Firebase detected; now importing data
01-24 04:55:54.595 V/Apptimize( 5571): Apptimize: Applying winner or instant update: [TTDE] Search Sorting Using User Location in Search Suggestion Page
01-24 04:55:54.596 V/Apptimize( 5571): Apptimize: Applying winner or instant update: [HPEP] Show tiket review only on SRP
01-24 04:55:54.596 V/Apptimize( 5571): Apptimize: Applying winner or instant update: [AT] Airport Transfer 4.0 in Search Form Page, Product Detail Page and Booking Form Page
01-24 04:55:54.596 V/Apptimize( 5571): Apptimize: Applying winner or instant update: [TTDE] Customer Review
01-24 04:55:54.597 V/Apptimize( 5571): Apptimize: Applying winner or instant update: [TRA] Default Train Card Sorting on Search Result Page
01-24 04:55:54.598 V/Apptimize( 5571): Apptimize: Applying winner or instant update: Global Search
01-24 04:55:54.598 V/Apptimize( 5571): Apptimize: Filter with operator "=" is comparing Android and android
01-24 04:55:54.599 V/Apptimize( 5571): Apptimize: Filter with operator ">=" is comparing 4.27.0-HEAD and 4.20
01-24 04:55:54.599 V/Apptimize( 5571): Apptimize: Applying winner or instant update: [TTDE] Booking Form
01-24 04:55:54.600 V/Apptimize( 5571): Apptimize: Applying winner or instant update: [FGDC] Product Detail Page 4.0
01-24 04:55:54.600 V/Apptimize( 5571): Apptimize: Applying winner or instant update: [FGDC] Phase 2 - Landing Page 4.0
01-24 04:55:54.601 V/Apptimize( 5571): Apptimize: Applying winner or instant update: [HPEP] XFactor Booking Form v2
01-24 04:55:54.602 V/Apptimize( 5571): Apptimize: Applying winner or instant update: [HPEP] Sorting Longlat BE
01-24 04:55:54.603 V/Apptimize( 5571): Apptimize: Applying winner or instant update: [HPEP] SRP Intercept Filter Position
01-24 04:55:54.604 V/Apptimize( 5571): Apptimize: Applying winner or instant update: Payment 4.0 A/B
01-24 04:55:54.604 V/Apptimize( 5571): Apptimize: Applying winner or instant update: [TTDE] PrePurchase-SearchEnhancement
01-24 04:55:54.604 V/Apptimize( 5571): Apptimize: Applying winner or instant update: discoverhomepage
01-24 04:55:54.604 V/Apptimize( 5571): Apptimize: Applying winner or instant update: [HPEP] Sorting Longlat BE - A/A Test
01-24 04:55:54.605 V/Apptimize( 5571): Apptimize: Applying winner or instant update: [DISC] Vertical 2 Liners
01-24 04:55:54.605 V/Apptimize( 5571): Apptimize: Applying winner or instant update: [HPEP] Use Dorado for Hotel Autocomplete v3
01-24 04:55:54.606 V/Apptimize( 5571): Apptimize: Applying winner or instant update: [FGDC] CTA SRP to PDP + Refund n Reschedule
01-24 04:55:54.606 V/Apptimize( 5571): Apptimize: Applying winner or instant update: [HPEP] SRP Hotel Card and Master Tag Elite Rewards
01-24 04:55:54.607 V/Apptimize( 5571): Apptimize: Filter requests an unsupplied prefixed attribute: ^e121874_1. Not Matching.
01-24 04:55:54.607 V/Apptimize( 5571): Apptimize: Filter with operator "=" is comparing Android and REST
01-24 04:55:54.607 V/Apptimize( 5571): Apptimize: List Filter with operator "not_in" is comparing Android and [REST]
01-24 04:55:54.608 V/Apptimize( 5571): Apptimize: Filter with operator "=" is comparing Android and REST
01-24 04:55:54.608 V/Apptimize( 5571): Apptimize: Filter with operator "=" is comparing Android and REST
01-24 04:55:54.608 V/Apptimize( 5571): Apptimize: List Filter with operator "not_in" is comparing Android and [REST]
01-24 04:55:54.608 V/Apptimize( 5571): Apptimize: Filter with operator "=" is comparing Android and REST
01-24 04:55:54.609 V/Apptimize( 5571): Apptimize: Filter requests an unsupplied prefixed attribute: ^v2864211_1. Not Matching.
01-24 04:55:54.609 V/Apptimize( 5571): Apptimize: Filter with operator "=" is comparing Android and REST
01-24 04:55:54.609 V/Apptimize( 5571): Apptimize: List Filter with operator "not_in" is comparing Android and [REST]
01-24 04:55:54.609 V/Apptimize( 5571): Apptimize: Filter with operator "=" is comparing Android and REST
01-24 04:55:54.609 V/Apptimize( 5571): Apptimize: Filter requests an unsupplied prefixed attribute: ^v2864221_1. Not Matching.
01-24 04:55:54.616 V/Apptimize( 5571): Apptimize: Filter requests an unsupplied prefixed attribute: ^e121874_1. Not Matching.
01-24 04:55:54.616 V/Apptimize( 5571): Apptimize: Filter with operator "=" is comparing Android and REST
01-24 04:55:54.616 V/Apptimize( 5571): Apptimize: List Filter with operator "not_in" is comparing Android and [REST]
01-24 04:55:54.616 V/Apptimize( 5571): Apptimize: Filter with operator "=" is comparing Android and REST
01-24 04:55:54.617 V/Apptimize( 5571): Apptimize: Allocated to variant fx2 of experiment [HPEP] SRP Ranking BE - MM FX2
01-24 04:55:54.618 V/Apptimize( 5571): Apptimize: Filter with operator "=" is comparing Android and REST
01-24 04:55:54.618 V/Apptimize( 5571): Apptimize: List Filter with operator "not_in" is comparing Android and [REST]
01-24 04:55:54.618 V/Apptimize( 5571): Apptimize: Filter with operator "=" is comparing Android and REST
01-24 04:55:54.618 V/Apptimize( 5571): Apptimize: Filter requests an unsupplied prefixed attribute: ^v2864211_1. Not Matching.
01-24 04:55:54.618 V/Apptimize( 5571): Apptimize: Variant does not match filters: Experiment: [HPEP] SRP Ranking BE - MM FX2; Variant: Nml
01-24 04:55:54.618 V/Apptimize( 5571): Apptimize: Filter with operator "=" is comparing Android and REST
01-24 04:55:54.618 V/Apptimize( 5571): Apptimize: List Filter with operator "not_in" is comparing Android and [REST]
01-24 04:55:54.618 V/Apptimize( 5571): Apptimize: Filter with operator "=" is comparing Android and REST
01-24 04:55:54.619 V/Apptimize( 5571): Apptimize: Filter requests an unsupplied prefixed attribute: ^v2864221_1. Not Matching.
01-24 04:55:54.619 V/Apptimize( 5571): Apptimize: Variant does not match filters: Experiment: [HPEP] SRP Ranking BE - MM FX2; Variant: fx2
01-24 04:55:54.619 V/Apptimize( 5571): Apptimize: Range Group does not match filters.
01-24 04:55:54.619 V/Apptimize( 5571): Apptimize: Range Group does not match filters.
01-24 04:55:54.619 V/Apptimize( 5571): Apptimize: Range Group does not match filters.
01-24 04:55:54.619 V/Apptimize( 5571): Apptimize: Range Group does not match filters.
01-24 04:55:54.619 V/Apptimize( 5571): Apptimize: Range Group does not match filters.
01-24 04:55:54.620 V/Apptimize( 5571): Apptimize: Allocated to variant Variant B of experiment [HNHA] Config for Children Rate
01-24 04:55:54.634 V/Apptimize( 5571): Apptimize: The applicable tests are: [[HPEP] SRP Ranking BE - MM FX2, [HNHA] Config for Children Rate]
01-24 04:55:54.634 I/Apptimize( 5571): Apptimize: Updated meta-data
01-24 04:55:54.718 W/com.tiket.gits( 5571): Long monitor contention with owner TAG (22622) at com.google.android.gms.tasks.Task com.google.firebase.messaging.RequestDeduplicator.getOrStartGetTokenRequest(java.lang.String, com.google.firebase.messaging.RequestDeduplicator$GetTokenRequest)(com.google.firebase:firebase-messaging@@23.0.0:8) waiters=0 in com.google.android.gms.tasks.Task com.google.firebase.messaging.RequestDeduplicator.getOrStartGetTokenRequest(java.lang.String, com.google.firebase.messaging.RequestDeduplicator$GetTokenRequest) for 813ms
01-24 04:55:54.747 D/SensorManager( 5571): unregisterListener :: com.appsflyer.internal.t@15f2c3ad
01-24 04:55:54.750 D/SensorManager( 5571): unregisterListener :: com.appsflyer.internal.t@2707dcf6
01-24 04:55:54.752 D/SensorManager( 5571): unregisterListener :: com.appsflyer.internal.t@700e20fa
01-24 04:55:55.207 D/CertificatePolicyCache( 5571): Creating new instance of CertificatePolicyCache myUid: 10322 callingUid: 10322
01-24 04:55:55.207 D/CertificatePolicyCache( 5571): readVariables type: null userId: 0
01-24 04:55:55.224 I/System.out( 5571): (HTTPLog)-Static: isSBSettingEnabled false
01-24 04:55:55.225 I/System.out( 5571): (HTTPLog)-Static: isSBSettingEnabled false
01-24 04:55:55.239 I/GoogleTagManager( 5571): Obtained fresh AdvertisingId info from GmsCore.
01-24 04:55:55.256 I/AppsFlyerOaid5.4.2( 5571): Failed resolution of: Lcom/bun/miitmdid/core/JLibrary;
01-24 04:55:55.256 I/AppsFlyerOaid5.4.2( 5571): Fetch 9 ms
01-24 04:55:55.259 I/com.tiket.gits( 5571): Background concurrent copying GC freed 329588(9677KB) AllocSpace objects, 9(2296KB) LOS objects, 46% free, 27MB/51MB, paused 662us total 152.763ms
01-24 04:55:55.267 I/System.out( 5571): (HTTPLog)-Static: isSBSettingEnabled false
01-24 04:55:55.267 I/System.out( 5571): (HTTPLog)-Static: isSBSettingEnabled false
01-24 04:55:55.287 W/FirebaseRemoteConfig( 5571): No value of type 'String' exists for parameter key 'android_minimum_version'.
01-24 04:55:55.291 W/libEGL  ( 5571): EGLNativeWindowType 0xb400006fc1b6b540 disconnect failed
01-24 04:55:55.291 D/ViewRootImpl@845d9cc[SplashV2Activity]( 5571): dispatchDetachedFromWindow: reset blurmask
01-24 04:55:55.292 I/ViewRootImpl@845d9cc[SplashV2Activity]( 5571): dispatchDetachedFromWindow
01-24 04:55:55.292 I/SurfaceControl( 5571): nativeRelease nativeObject s[-5476376671723114320]
01-24 04:55:55.292 I/SurfaceControl( 5571): nativeRelease nativeObject e[-5476376671723114320]
01-24 04:55:55.292 I/WindowManager( 1205): Destroying surface Surface(name=com.tiket.gits/com.tiket.gits.v2splash.SplashV2Activity$_5571)/@0x6c24f08 called by com.android.server.wm.WindowStateAnimator.destroySurface:1794 com.android.server.wm.WindowStateAnimator.destroySurfaceLocked:765 com.android.server.wm.WindowState.removeImmediately:2665 com.android.server.wm.WindowState.removeIfPossible:2830 com.android.server.wm.WindowState.removeIfPossible:2688 com.android.server.wm.WindowManagerService.removeWindow:2186 com.android.server.wm.Session.remove:199 android.view.IWindowSession$Stub.onTransact:813 
01-24 04:55:55.294 D/InputTransport( 5571): Input channel destroyed: '67d2148', fd=91
01-24 04:55:55.322 I/System.out( 5571): (HTTPLog)-Static: isSBSettingEnabled false
01-24 04:55:55.322 I/System.out( 5571): (HTTPLog)-Static: isSBSettingEnabled false
01-24 04:55:55.336 I/Apptimize( 5571): Apptimize: ApptimizeVar 'disc_2_line_vertical' of type string has value '2line'
01-24 04:55:55.374 E/libc    ( 5571): Access denied finding property "vzw.os.rooted"
01-24 04:55:55.547 W/System  ( 5571): Ignoring header If-None-Match because its value was null.
01-24 04:55:55.548 I/System.out( 5571): (HTTPLog)-Static: isSBSettingEnabled false
01-24 04:55:55.548 I/System.out( 5571): (HTTPLog)-Static: isSBSettingEnabled false
01-24 04:55:55.573 I/System.out( 5571): (HTTPLog)-Static: isSBSettingEnabled false
01-24 04:55:55.573 I/System.out( 5571): (HTTPLog)-Static: isSBSettingEnabled false
01-24 04:55:55.593 V/Apptimize( 5571): Apptimize: Logging metric for test '[HPEP] SRP Ranking BE - MM FX2'.
01-24 04:55:55.593 V/Apptimize( 5571): Apptimize: Logging metric for test '[HNHA] Config for Children Rate'.
01-24 04:55:55.594 V/Apptimize( 5571): Apptimize: Logging metric for test '[HPEP] SRP Ranking BE - MM FX2'.
01-24 04:55:55.594 V/Apptimize( 5571): Apptimize: Logging metric for test '[HNHA] Config for Children Rate'.
01-24 04:55:55.597 V/Apptimize( 5571): Apptimize: Logging metric for test '[HPEP] SRP Ranking BE - MM FX2'.
01-24 04:55:55.597 V/Apptimize( 5571): Apptimize: Logging metric for test '[HNHA] Config for Children Rate'.
01-24 04:55:55.598 V/Apptimize( 5571): Apptimize: Logging metric for test '[HPEP] SRP Ranking BE - MM FX2'.
01-24 04:55:55.598 V/Apptimize( 5571): Apptimize: Logging metric for test '[HNHA] Config for Children Rate'.
01-24 04:55:55.599 V/Apptimize( 5571): Apptimize: Logging metric for test '[HPEP] SRP Ranking BE - MM FX2'.
01-24 04:55:55.599 V/Apptimize( 5571): Apptimize: Logging metric for test '[HNHA] Config for Children Rate'.
01-24 04:55:55.599 V/Apptimize( 5571): Apptimize: Logging metric for test '[HPEP] SRP Ranking BE - MM FX2'.
01-24 04:55:55.599 V/Apptimize( 5571): Apptimize: Logging metric for test '[HNHA] Config for Children Rate'.
01-24 04:55:55.599 V/Apptimize( 5571): Apptimize: Logging metric for test '[HPEP] SRP Ranking BE - MM FX2'.
01-24 04:55:55.599 V/Apptimize( 5571): Apptimize: Logging metric for test '[HNHA] Config for Children Rate'.
01-24 04:55:55.599 V/Apptimize( 5571): Apptimize: Logging metric for test '[HPEP] SRP Ranking BE - MM FX2'.
01-24 04:55:55.600 V/Apptimize( 5571): Apptimize: Logging metric for test '[HNHA] Config for Children Rate'.
01-24 04:55:55.600 V/Apptimize( 5571): Apptimize: Logging metric for test '[HPEP] SRP Ranking BE - MM FX2'.
01-24 04:55:55.600 V/Apptimize( 5571): Apptimize: Logging metric for test '[HNHA] Config for Children Rate'.
01-24 04:55:55.602 I/com.tiket.gits( 5571): Waiting for a blocking GC ProfileSaver
01-24 04:55:55.607 V/Apptimize( 5571): Apptimize: Logging metric for test '[HPEP] SRP Ranking BE - MM FX2'.
01-24 04:55:55.607 V/Apptimize( 5571): Apptimize: Logging metric for test '[HNHA] Config for Children Rate'.
01-24 04:55:55.607 V/Apptimize( 5571): Apptimize: Logging metric for test '[HPEP] SRP Ranking BE - MM FX2'.
01-24 04:55:55.607 V/Apptimize( 5571): Apptimize: Logging metric for test '[HNHA] Config for Children Rate'.
01-24 04:55:55.607 V/Apptimize( 5571): Apptimize: Logging metric for test '[HPEP] SRP Ranking BE - MM FX2'.
01-24 04:55:55.607 V/Apptimize( 5571): Apptimize: Logging metric for test '[HNHA] Config for Children Rate'.
01-24 04:55:55.644 I/com.tiket.gits( 5571): Background young concurrent copying GC freed 185635(27MB) AllocSpace objects, 320(7488KB) LOS objects, 44% free, 28MB/51MB, paused 3.674ms total 156.470ms
01-24 04:55:55.644 I/com.tiket.gits( 5571): WaitForGcToComplete blocked ProfileSaver on ClassLinker for 42.246ms
01-24 04:55:55.666 I/System.out( 5571): (HTTPLog)-Static: isSBSettingEnabled false
01-24 04:55:55.666 I/System.out( 5571): (HTTPLog)-Static: isSBSettingEnabled false
01-24 04:55:55.693 V/Apptimize( 5571): Apptimize: Logging metric for test '[HPEP] SRP Ranking BE - MM FX2'.
01-24 04:55:55.693 V/Apptimize( 5571): Apptimize: Logging metric for test '[HNHA] Config for Children Rate'.
01-24 04:55:55.694 V/Apptimize( 5571): Apptimize: Logging metric for test '[HPEP] SRP Ranking BE - MM FX2'.
01-24 04:55:55.694 V/Apptimize( 5571): Apptimize: Logging metric for test '[HNHA] Config for Children Rate'.
01-24 04:55:55.694 V/Apptimize( 5571): Apptimize: Logging metric for test '[HPEP] SRP Ranking BE - MM FX2'.
01-24 04:55:55.694 V/Apptimize( 5571): Apptimize: Logging metric for test '[HNHA] Config for Children Rate'.
01-24 04:55:55.694 V/Apptimize( 5571): Apptimize: Logging metric for test '[HPEP] SRP Ranking BE - MM FX2'.
01-24 04:55:55.694 V/Apptimize( 5571): Apptimize: Logging metric for test '[HNHA] Config for Children Rate'.
01-24 04:55:55.695 V/Apptimize( 5571): Apptimize: Logging metric for test '[HPEP] SRP Ranking BE - MM FX2'.
01-24 04:55:55.695 V/Apptimize( 5571): Apptimize: Logging metric for test '[HNHA] Config for Children Rate'.
01-24 04:55:55.695 V/Apptimize( 5571): Apptimize: Logging metric for test '[HPEP] SRP Ranking BE - MM FX2'.
01-24 04:55:55.695 V/Apptimize( 5571): Apptimize: Logging metric for test '[HNHA] Config for Children Rate'.
01-24 04:55:55.695 V/Apptimize( 5571): Apptimize: Logging metric for test '[HPEP] SRP Ranking BE - MM FX2'.
01-24 04:55:55.695 V/Apptimize( 5571): Apptimize: Logging metric for test '[HNHA] Config for Children Rate'.
01-24 04:55:55.696 V/Apptimize( 5571): Apptimize: Logging metric for test '[HPEP] SRP Ranking BE - MM FX2'.
01-24 04:55:55.696 V/Apptimize( 5571): Apptimize: Logging metric for test '[HNHA] Config for Children Rate'.
01-24 04:55:55.696 V/Apptimize( 5571): Apptimize: Logging metric for test '[HPEP] SRP Ranking BE - MM FX2'.
01-24 04:55:55.696 V/Apptimize( 5571): Apptimize: Logging metric for test '[HNHA] Config for Children Rate'.
01-24 04:55:55.696 V/Apptimize( 5571): Apptimize: Logging metric for test '[HPEP] SRP Ranking BE - MM FX2'.
01-24 04:55:55.696 V/Apptimize( 5571): Apptimize: Logging metric for test '[HNHA] Config for Children Rate'.
01-24 04:55:55.697 V/Apptimize( 5571): Apptimize: Logging metric for test '[HPEP] SRP Ranking BE - MM FX2'.
01-24 04:55:55.697 V/Apptimize( 5571): Apptimize: Logging metric for test '[HNHA] Config for Children Rate'.
01-24 04:55:55.697 V/Apptimize( 5571): Apptimize: Logging metric for test '[HPEP] SRP Ranking BE - MM FX2'.
01-24 04:55:55.697 V/Apptimize( 5571): Apptimize: Logging metric for test '[HNHA] Config for Children Rate'.
01-24 04:55:55.752 I/System.out( 5571): (HTTPLog)-Static: isSBSettingEnabled false
01-24 04:55:55.752 I/System.out( 5571): (HTTPLog)-Static: isSBSettingEnabled false
01-24 04:55:55.797 I/System.out( 5571): (HTTPLog)-Static: isSBSettingEnabled false
01-24 04:55:55.797 I/System.out( 5571): (HTTPLog)-Static: isSBSettingEnabled false
01-24 04:55:55.838 I/Apptimize( 5571): Apptimize: Downloaded new secondary metadata.
01-24 04:55:55.840 V/Apptimize( 5571): Apptimize: Applying winner or instant update: [TTDE] Search Sorting Using User Location in Search Suggestion Page
01-24 04:55:55.840 V/Apptimize( 5571): Apptimize: Applying winner or instant update: [HPEP] Show tiket review only on SRP
01-24 04:55:55.841 V/Apptimize( 5571): Apptimize: Set Filter with operator "intersection" is comparing [] and [29373]
01-24 04:55:55.845 V/Apptimize( 5571): Apptimize: Applying winner or instant update: [AT] Airport Transfer 4.0 in Search Form Page, Product Detail Page and Booking Form Page
01-24 04:55:55.847 V/Apptimize( 5571): Apptimize: Applying winner or instant update: [TTDE] Customer Review
01-24 04:55:55.848 V/Apptimize( 5571): Apptimize: Applying winner or instant update: [TRA] Default Train Card Sorting on Search Result Page
01-24 04:55:55.848 V/Apptimize( 5571): Apptimize: Applying winner or instant update: Global Search
01-24 04:55:55.848 V/Apptimize( 5571): Apptimize: Filter with operator "=" is comparing Android and android
01-24 04:55:55.852 V/Apptimize( 5571): Apptimize: Filter with operator ">=" is comparing 4.27.0-HEAD and 4.20
01-24 04:55:55.852 V/Apptimize( 5571): Apptimize: Applying winner or instant update: [TTDE] Booking Form
01-24 04:55:55.852 V/Apptimize( 5571): Apptimize: Set Filter with operator "intersection" is comparing [] and [31104]
01-24 04:55:55.852 V/Apptimize( 5571): Apptimize: Applying winner or instant update: [FGDC] Product Detail Page 4.0
01-24 04:55:55.852 V/Apptimize( 5571): Apptimize: Applying winner or instant update: [FGDC] Phase 2 - Landing Page 4.0
01-24 04:55:55.852 V/Apptimize( 5571): Apptimize: Applying winner or instant update: [HPEP] XFactor Booking Form v2
01-24 04:55:55.853 V/Apptimize( 5571): Apptimize: Applying winner or instant update: [HPEP] Sorting Longlat BE
01-24 04:55:55.853 V/Apptimize( 5571): Apptimize: Set Filter with operator "intersection" is comparing [] and [31477]
01-24 04:55:55.853 V/Apptimize( 5571): Apptimize: Applying winner or instant update: [HPEP] SRP Intercept Filter Position
01-24 04:55:55.853 V/Apptimize( 5571): Apptimize: Applying winner or instant update: Payment 4.0 A/B
01-24 04:55:55.853 V/Apptimize( 5571): Apptimize: Set Filter with operator "intersection" is comparing [] and [32006, 30269]
01-24 04:55:55.853 V/Apptimize( 5571): Apptimize: Applying winner or instant update: [TTDE] PrePurchase-SearchEnhancement
01-24 04:55:55.853 V/Apptimize( 5571): Apptimize: Applying winner or instant update: discoverhomepage
01-24 04:55:55.853 V/Apptimize( 5571): Apptimize: Applying winner or instant update: [HPEP] Sorting Longlat BE - A/A Test
01-24 04:55:55.853 V/Apptimize( 5571): Apptimize: Set Filter with operator "intersection" is comparing [] and [32085]
01-24 04:55:55.853 V/Apptimize( 5571): Apptimize: Applying winner or instant update: [DISC] Vertical 2 Liners
01-24 04:55:55.854 V/Apptimize( 5571): Apptimize: Applying winner or instant update: [HPEP] Use Dorado for Hotel Autocomplete v3
01-24 04:55:55.854 V/Apptimize( 5571): Apptimize: Applying winner or instant update: [FGDC] CTA SRP to PDP + Refund n Reschedule
01-24 04:55:55.854 V/Apptimize( 5571): Apptimize: Applying winner or instant update: [HPEP] SRP Hotel Card and Master Tag Elite Rewards
01-24 04:55:55.854 V/Apptimize( 5571): Apptimize: Filter requests an unsupplied prefixed attribute: ^e121874_1. Not Matching.
01-24 04:55:55.854 V/Apptimize( 5571): Apptimize: Filter with operator "=" is comparing Android and REST
01-24 04:55:55.854 V/Apptimize( 5571): Apptimize: List Filter with operator "not_in" is comparing Android and [REST]
01-24 04:55:55.854 V/Apptimize( 5571): Apptimize: Filter with operator "=" is comparing Android and REST
01-24 04:55:55.855 V/Apptimize( 5571): Apptimize: Filter with operator "=" is comparing Android and REST
01-24 04:55:55.856 V/Apptimize( 5571): Apptimize: List Filter with operator "not_in" is comparing Android and [REST]
01-24 04:55:55.856 V/Apptimize( 5571): Apptimize: Filter with operator "=" is comparing Android and REST
01-24 04:55:55.856 V/Apptimize( 5571): Apptimize: Filter requests an unsupplied prefixed attribute: ^v2864211_1. Not Matching.
01-24 04:55:55.856 V/Apptimize( 5571): Apptimize: Filter with operator "=" is comparing Android and REST
01-24 04:55:55.856 V/Apptimize( 5571): Apptimize: List Filter with operator "not_in" is comparing Android and [REST]
01-24 04:55:55.856 V/Apptimize( 5571): Apptimize: Filter with operator "=" is comparing Android and REST
01-24 04:55:55.856 V/Apptimize( 5571): Apptimize: Filter requests an unsupplied prefixed attribute: ^v2864221_1. Not Matching.
01-24 04:55:55.856 V/Apptimize( 5571): Apptimize: Set Filter with operator "intersection" is comparing [] and [29373]
01-24 04:55:55.858 V/Apptimize( 5571): Apptimize: Set Filter with operator "intersection" is comparing [] and [31104]
01-24 04:55:55.858 I/System.out( 5571): (HTTPLog)-Static: isSBSettingEnabled false
01-24 04:55:55.859 I/System.out( 5571): (HTTPLog)-Static: isSBSettingEnabled false
01-24 04:55:55.859 V/Apptimize( 5571): Apptimize: Set Filter with operator "intersection" is comparing [] and [31477]
01-24 04:55:55.859 V/Apptimize( 5571): Apptimize: Set Filter with operator "intersection" is comparing [] and [32006, 30269]
01-24 04:55:55.859 V/Apptimize( 5571): Apptimize: Set Filter with operator "intersection" is comparing [] and [32085]
01-24 04:55:55.860 V/Apptimize( 5571): Apptimize: Filter requests an unsupplied prefixed attribute: ^e121874_1. Not Matching.
01-24 04:55:55.865 V/Apptimize( 5571): Apptimize: Filter with operator "=" is comparing Android and REST
01-24 04:55:55.865 V/Apptimize( 5571): Apptimize: List Filter with operator "not_in" is comparing Android and [REST]
01-24 04:55:55.865 V/Apptimize( 5571): Apptimize: Filter with operator "=" is comparing Android and REST
01-24 04:55:55.865 V/Apptimize( 5571): Apptimize: Allocated to variant fx2 of experiment [HPEP] SRP Ranking BE - MM FX2
01-24 04:55:55.865 V/Apptimize( 5571): Apptimize: Filter with operator "=" is comparing Android and REST
01-24 04:55:55.866 V/Apptimize( 5571): Apptimize: List Filter with operator "not_in" is comparing Android and [REST]
01-24 04:55:55.866 V/Apptimize( 5571): Apptimize: Filter with operator "=" is comparing Android and REST
01-24 04:55:55.866 V/Apptimize( 5571): Apptimize: Filter requests an unsupplied prefixed attribute: ^v2864211_1. Not Matching.
01-24 04:55:55.866 V/Apptimize( 5571): Apptimize: Variant does not match filters: Experiment: [HPEP] SRP Ranking BE - MM FX2; Variant: Nml
01-24 04:55:55.866 V/Apptimize( 5571): Apptimize: Filter with operator "=" is comparing Android and REST
01-24 04:55:55.866 V/Apptimize( 5571): Apptimize: List Filter with operator "not_in" is comparing Android and [REST]
01-24 04:55:55.866 V/Apptimize( 5571): Apptimize: Filter with operator "=" is comparing Android and REST
01-24 04:55:55.866 V/Apptimize( 5571): Apptimize: Filter requests an unsupplied prefixed attribute: ^v2864221_1. Not Matching.
01-24 04:55:55.866 V/Apptimize( 5571): Apptimize: Variant does not match filters: Experiment: [HPEP] SRP Ranking BE - MM FX2; Variant: fx2
01-24 04:55:55.866 V/Apptimize( 5571): Apptimize: Set Filter with operator "intersection" is comparing [] and [29373]
01-24 04:55:55.866 V/Apptimize( 5571): Apptimize: Range Group does not match filters.
01-24 04:55:55.866 V/Apptimize( 5571): Apptimize: Set Filter with operator "intersection" is comparing [] and [31104]
01-24 04:55:55.867 V/Apptimize( 5571): Apptimize: Range Group does not match filters.
01-24 04:55:55.867 V/Apptimize( 5571): Apptimize: Set Filter with operator "intersection" is comparing [] and [31477]
01-24 04:55:55.867 V/Apptimize( 5571): Apptimize: Range Group does not match filters.
01-24 04:55:55.867 V/Apptimize( 5571): Apptimize: Set Filter with operator "intersection" is comparing [] and [32006, 30269]
01-24 04:55:55.867 V/Apptimize( 5571): Apptimize: Range Group does not match filters.
01-24 04:55:55.867 V/Apptimize( 5571): Apptimize: Set Filter with operator "intersection" is comparing [] and [32085]
01-24 04:55:55.867 V/Apptimize( 5571): Apptimize: Range Group does not match filters.
01-24 04:55:55.868 V/Apptimize( 5571): Apptimize: Allocated to variant Variant B of experiment [HNHA] Config for Children Rate
01-24 04:55:55.894 V/Apptimize( 5571): Apptimize: The applicable tests are: [[HPEP] SRP Ranking BE - MM FX2, [HNHA] Config for Children Rate]
01-24 04:55:55.894 I/Apptimize( 5571): Apptimize: Updated meta-data
01-24 04:55:55.901 V/Apptimize( 5571): Apptimize: Logging metric for test '[HPEP] SRP Ranking BE - MM FX2'.
01-24 04:55:55.901 V/Apptimize( 5571): Apptimize: Logging metric for test '[HNHA] Config for Children Rate'.
01-24 04:55:55.901 V/Apptimize( 5571): Apptimize: Logging metric for test '[HPEP] SRP Ranking BE - MM FX2'.
01-24 04:55:55.901 V/Apptimize( 5571): Apptimize: Logging metric for test '[HNHA] Config for Children Rate'.
01-24 04:55:55.904 V/Apptimize( 5571): Apptimize: Logging metric for test '[HPEP] SRP Ranking BE - MM FX2'.
01-24 04:55:55.904 V/Apptimize( 5571): Apptimize: Logging metric for test '[HNHA] Config for Children Rate'.
01-24 04:55:55.905 V/Apptimize( 5571): Apptimize: Logging metric for test '[HPEP] SRP Ranking BE - MM FX2'.
01-24 04:55:55.905 V/Apptimize( 5571): Apptimize: Logging metric for test '[HNHA] Config for Children Rate'.
01-24 04:55:55.908 V/Apptimize( 5571): Apptimize: Logging metric for test '[HPEP] SRP Ranking BE - MM FX2'.
01-24 04:55:55.908 V/Apptimize( 5571): Apptimize: Logging metric for test '[HNHA] Config for Children Rate'.
01-24 04:55:55.909 V/Apptimize( 5571): Apptimize: Logging metric for test '[HPEP] SRP Ranking BE - MM FX2'.
01-24 04:55:55.909 V/Apptimize( 5571): Apptimize: Logging metric for test '[HNHA] Config for Children Rate'.
01-24 04:55:55.910 V/Apptimize( 5571): Apptimize: Logging metric for test '[HPEP] SRP Ranking BE - MM FX2'.
01-24 04:55:55.911 V/Apptimize( 5571): Apptimize: Logging metric for test '[HNHA] Config for Children Rate'.
01-24 04:55:55.911 V/Apptimize( 5571): Apptimize: Logging metric for test '[HPEP] SRP Ranking BE - MM FX2'.
01-24 04:55:55.911 V/Apptimize( 5571): Apptimize: Logging metric for test '[HNHA] Config for Children Rate'.
01-24 04:55:55.914 V/Apptimize( 5571): Apptimize: Logging metric for test '[HPEP] SRP Ranking BE - MM FX2'.
01-24 04:55:55.914 V/Apptimize( 5571): Apptimize: Logging metric for test '[HNHA] Config for Children Rate'.
01-24 04:55:55.915 V/Apptimize( 5571): Apptimize: Logging metric for test '[HPEP] SRP Ranking BE - MM FX2'.
01-24 04:55:55.915 V/Apptimize( 5571): Apptimize: Logging metric for test '[HNHA] Config for Children Rate'.
01-24 04:55:55.916 V/Apptimize( 5571): Apptimize: Logging metric for test '[HPEP] SRP Ranking BE - MM FX2'.
01-24 04:55:55.916 V/Apptimize( 5571): Apptimize: Logging metric for test '[HNHA] Config for Children Rate'.
01-24 04:55:55.916 V/Apptimize( 5571): Apptimize: Logging metric for test '[HPEP] SRP Ranking BE - MM FX2'.
01-24 04:55:55.916 V/Apptimize( 5571): Apptimize: Logging metric for test '[HNHA] Config for Children Rate'.
01-24 04:55:55.937 I/SurfaceControl( 5571): nativeRelease nativeObject s[-5476376671723111968]
01-24 04:55:55.937 I/SurfaceControl( 5571): nativeRelease nativeObject e[-5476376671723111968]
01-24 04:55:55.937 I/SurfaceControl( 5571): assignNativeObject: nativeObject = 0 Surface(name=null)/@0xb0cf781 / android.view.SurfaceControl.readFromParcel:1115 android.view.IWindowSession$Stub$Proxy.relayout:1820 android.view.ViewRootImpl.relayoutWindow:9005 android.view.ViewRootImpl.performTraversals:3360 android.view.ViewRootImpl.doTraversal:2618 android.view.ViewRootImpl$TraversalRunnable.run:9971 android.view.Choreographer$CallbackRecord.run:1010 android.view.Choreographer.doCallbacks:809 android.view.Choreographer.doFrame:744 android.view.Choreographer$FrameDisplayEventReceiver.run:995 
01-24 04:55:55.938 I/ViewRootImpl@1102083[SplashV2Activity]( 5571): Relayout returned: old=(0,0,1080,2400) new=(0,0,1080,2400) req=(1080,2400)0 dur=4 res=0x1 s={true -5476376666890662176} ch=false fn=90
01-24 04:55:55.960 I/System.out( 5571): (HTTPLog)-Static: isSBSettingEnabled false
01-24 04:55:55.960 I/System.out( 5571): (HTTPLog)-Static: isSBSettingEnabled false
01-24 04:55:55.992 W/Glide   ( 5571): Load failed for https://s-light.tiket.photos/t/01E25EBZS3W0FY9GTG6C42E1SE/platform-android-high/vertical/2021/12/15/a82beb78-5849-4c32-b6f1-ca3de437ff72-1639587035209-10e4f27a65c4c0e546b0de03d68c3d07.png?tiloriginal=original with size [144x144]
01-24 04:55:55.992 W/Glide   ( 5571): class com.bumptech.glide.load.engine.GlideException: Failed to load resource
01-24 04:55:55.999 I/System.out( 5571): (HTTPLog)-Static: isSBSettingEnabled false
01-24 04:55:55.999 I/System.out( 5571): (HTTPLog)-Static: isSBSettingEnabled false
01-24 04:55:56.013 W/Glide   ( 5571): Load failed for https://s-light.tiket.photos/t/01E25EBZS3W0FY9GTG6C42E1SE/platform-android-high/vertical/2021/11/18/c1cfdfa8-1f37-4d33-8599-c0acb2dcd9db-1637210124989-6e6281ec3223f45d997ea255e55d1b95.png?tiloriginal=original with size [144x144]
01-24 04:55:56.013 W/Glide   ( 5571): class com.bumptech.glide.load.engine.GlideException: Failed to load resource
01-24 04:55:56.018 W/FirebaseRemoteConfig( 5571): No value of type 'String' exists for parameter key 'flight_calendar_price_enable'.
01-24 04:55:56.018 W/FirebaseRemoteConfig( 5571): No value of type 'String' exists for parameter key 'setting_change_currency_enable'.
01-24 04:55:56.018 W/FirebaseRemoteConfig( 5571): No value of type 'String' exists for parameter key 'one_klik_max_card'.
01-24 04:55:56.018 W/FirebaseRemoteConfig( 5571): No value of type 'String' exists for parameter key 'referral_code_enable'.
01-24 04:55:56.043 W/Glide   ( 5571): Load failed for https://s-light.tiket.photos/t/01E25EBZS3W0FY9GTG6C42E1SE/platform-android-high/vertical/2021/12/15/8c3d5471-e5f0-4d85-bb1d-86e92ff8e63b-1639587051373-70b8b0f18e8cdf359a6f811e06babef4.png?tiloriginal=original with size [144x144]
01-24 04:55:56.043 W/Glide   ( 5571): class com.bumptech.glide.load.engine.GlideException: Failed to load resource
01-24 04:55:56.061 W/Glide   ( 5571): Load failed for https://s-light.tiket.photos/t/01E25EBZS3W0FY9GTG6C42E1SE/platform-android-high/vertical/2021/12/15/8db1c1f9-3d5b-49ca-ad36-fd348a28d969-1639587124078-72821a3d75ebc76c6fe899cab6bc5d9c.png?tiloriginal=original with size [144x144]
01-24 04:55:56.061 W/Glide   ( 5571): class com.bumptech.glide.load.engine.GlideException: Failed to load resource
01-24 04:55:56.063 W/Glide   ( 5571): Load failed for https://s-light.tiket.photos/t/01E25EBZS3W0FY9GTG6C42E1SE/platform-android-high/vertical/2021/12/15/43b69f25-545b-40e6-959b-e7ad739af539-1639587078281-c7a6a0acd9868d1a03fa28ee87b2dd92.png?tiloriginal=original with size [144x144]
01-24 04:55:56.063 W/Glide   ( 5571): class com.bumptech.glide.load.engine.GlideException: Failed to load resource
01-24 04:55:56.069 W/Glide   ( 5571): Load failed for https://s-light.tiket.photos/t/01E25EBZS3W0FY9GTG6C42E1SE/platform-android-high/vertical/2021/08/31/592858b4-cdfd-4cc6-9e6e-7489637d3b4f-1630424010116-c80c80e300d3264e30375e8c82ae9cda.png?tiloriginal=original with size [144x144]
01-24 04:55:56.069 W/Glide   ( 5571): class com.bumptech.glide.load.engine.GlideException: Failed to load resource
01-24 04:55:56.072 W/Glide   ( 5571): Load failed for https://s-light.tiket.photos/t/01E25EBZS3W0FY9GTG6C42E1SE/platform-android-high/vertical/2021/12/15/7b6e49fe-5e29-46c1-80ab-49d93cd5e565-1639587099348-c06a91c2032dd96ac0fe224ea299f98d.png?tiloriginal=original with size [144x144]
01-24 04:55:56.072 W/Glide   ( 5571): class com.bumptech.glide.load.engine.GlideException: Failed to load resource
01-24 04:55:56.078 I/System.out( 5571): (HTTPLog)-Static: isSBSettingEnabled false
01-24 04:55:56.078 I/System.out( 5571): (HTTPLog)-Static: isSBSettingEnabled false
01-24 04:55:56.083 W/Glide   ( 5571): Load failed for https://s-light.tiket.photos/t/01E25EBZS3W0FY9GTG6C42E1SE/platform-android-high/vertical/2021/12/15/f04de64f-f5dc-4dfb-b7fc-3adb347d2a39-1639587138629-97c20249cb9f4c1d574c50cf9e31dd78.png?tiloriginal=original with size [144x144]
01-24 04:55:56.083 W/Glide   ( 5571): class com.bumptech.glide.load.engine.GlideException: Failed to load resource
01-24 04:55:56.092 W/Glide   ( 5571): Load failed for https://s-light.tiket.photos/t/01E25EBZS3W0FY9GTG6C42E1SE/platform-android-high/vertical/2021/12/15/6fa4be88-911e-4322-b237-b71718d7a4c0-1639587065117-395e882901943898c2b9177f72c6f5a2.png?tiloriginal=original with size [144x144]
01-24 04:55:56.092 W/Glide   ( 5571): class com.bumptech.glide.load.engine.GlideException: Failed to load resource
01-24 04:55:56.093 W/Glide   ( 5571): Load failed for https://s-light.tiket.photos/t/01E25EBZS3W0FY9GTG6C42E1SE/platform-android-high/vertical/2021/12/15/f1ffae3e-9383-4713-91c7-a920755fec48-1639587153571-ed328025de25ad165ca80b244abf67cb.png?tiloriginal=original with size [144x144]
01-24 04:55:56.093 W/Glide   ( 5571): class com.bumptech.glide.load.engine.GlideException: Failed to load resource
01-24 04:55:56.110 I/com.tiket.gits( 5571): Background concurrent copying GC freed 244971(26MB) AllocSpace objects, 252(6536KB) LOS objects, 35% free, 43MB/67MB, paused 362us total 250.288ms
01-24 04:55:56.145 W/Glide   ( 5571): Load failed for https://s-light.tiket.photos/t/01E25EBZS3W0FY9GTG6C42E1SE/platform-android-high/vertical/2021/12/15/fa42295b-3f77-454a-bba0-f81dd8f8f58a-1639587167858-333de94cee5edae339f2abae3d4bba7c.png?tiloriginal=original with size [144x144]
01-24 04:55:56.145 W/Glide   ( 5571): class com.bumptech.glide.load.engine.GlideException: Failed to load resource
01-24 04:55:56.153 W/Glide   ( 5571): Load failed for https://s-light.tiket.photos/t/01E25EBZS3W0FY9GTG6C42E1SE/platform-android-high/vertical/2021/08/31/3a1ceabc-98b8-442f-adda-9ebc697ee019-1630424024077-dd72fd45b49fda4327ee8832f22199e7.png?tiloriginal=original with size [144x144]
01-24 04:55:56.153 W/Glide   ( 5571): class com.bumptech.glide.load.engine.GlideException: Failed to load resource
01-24 04:55:56.154 W/Glide   ( 5571): Load failed for https://s-light.tiket.photos/t/01E25EBZS3W0FY9GTG6C42E1SE/platform-android-high/hero-banner/2022/01/06/5fa676b3-7356-4176-8543-8078df87d396-1641438201528-c3e0eb6ef60e7719bc138245860607bf.png?tiloriginal=home-mobile with size [1080x810]
01-24 04:55:56.154 W/Glide   ( 5571): class com.bumptech.glide.load.engine.GlideException: Failed to load resource
01-24 04:55:56.155 W/Glide   ( 5571): Load failed for https://s-light.tiket.photos/t/01E25EBZS3W0FY9GTG6C42E1SE/platform-android-high/mobile-modules/2022/01/06/8e3c07d5-1268-45db-b4fa-236a7f775caf-1641438681023-caf506eb609e6abce3634a9b058ca3c7.png?tiloriginal=home-mobile with size [960x384]
01-24 04:55:56.155 W/Glide   ( 5571): class com.bumptech.glide.load.engine.GlideException: Failed to load resource
01-24 04:55:56.156 W/Glide   ( 5571): Load failed for https://s-light.tiket.photos/t/01E25EBZS3W0FY9GTG6C42E1SE/platform-android-high/mobile-modules/2022/01/17/d588df1e-cb30-4a09-9267-13571dea5dd5-1642384937808-9bd42541139cbce6fffaf3450c0e5213.png?tiloriginal=home-mobile with size [960x384]
01-24 04:55:56.156 W/Glide   ( 5571): class com.bumptech.glide.load.engine.GlideException: Failed to load resource
01-24 04:55:56.172 W/GoogleTagManager( 5571): Event does not have parameter "state" and no default value was defined. Returning "undefined".
01-24 04:55:56.239 E/GoogleTagManager( 5571): No parameter key specified in the data.
01-24 04:55:56.249 W/GoogleTagManager( 5571): Event does not have parameter "recentQuery" and no default value was defined. Returning "undefined".
01-24 04:55:56.315 I/GAv4-SVC( 5571): Google Analytics 212.4.17 is starting up.
01-24 04:55:56.324 I/GAv4-SVC( 5571): GoogleAnalytics.setLogger() is deprecated. To enable debug logging, please run:
01-24 04:55:56.324 I/GAv4-SVC( 5571): adb shell setprop log.tag.GAv4-SVC DEBUG
